<?xml version="1.0" encoding="UTF-8"?>
<!-- Generated by org.testng.reporters.JUnitXMLReporter -->
<testsuite ignored="0" hostname="Jp" failures="0" tests="3" name="dataProviderTest" time="24.058" errors="0" timestamp="2023-03-13T15:28:08 PDT">
  <testcase classname="tests.dataProviderTest" name="searchGoogle" time="8.699"/>
  <testcase classname="tests.dataProviderTest" name="searchGoogle" time="7.696"/>
  <testcase classname="tests.dataProviderTest" name="searchGoogle" time="7.504"/>
</testsuite> <!-- dataProviderTest -->
