<?xml version="1.0" encoding="UTF-8"?>
<!-- Generated by org.testng.reporters.JUnitXMLReporter -->
<testsuite ignored="0" hostname="Jp" failures="0" tests="3" name="dataProviderTest2" time="43.611" errors="0" timestamp="2023-04-10T14:38:54 PDT">
  <testcase classname="tests.dataProviderTest2" name="searchGoogle" time="16.745"/>
  <testcase classname="tests.dataProviderTest2" name="searchGoogle" time="14.65"/>
  <testcase classname="tests.dataProviderTest2" name="searchGoogle" time="11.995"/>
</testsuite> <!-- dataProviderTest2 -->
