<?xml version="1.0" encoding="UTF-8"?>
<!-- Generated by org.testng.reporters.JUnitXMLReporter -->
<testsuite ignored="0" hostname="Jp" failures="0" tests="3" name="dataProviderTest2" time="24.851" errors="0" timestamp="2023-03-12T15:04:45 PDT">
  <testcase classname="tests.dataProviderTest2" name="searchGoogle" time="9.182"/>
  <testcase classname="tests.dataProviderTest2" name="searchGoogle" time="8.133"/>
  <testcase classname="tests.dataProviderTest2" name="searchGoogle" time="7.401"/>
</testsuite> <!-- dataProviderTest2 -->
