<?xml version="1.0" encoding="UTF-8"?>
<!-- Generated by org.testng.reporters.JUnitXMLReporter -->
<testsuite ignored="0" hostname="Jp" failures="1" tests="1" name="Test" time="7.04" errors="0" timestamp="2023-03-12T15:26:37 PDT">
  <testcase classname="tests.LogintoFB" name="LoginFaceBook" time="0.047">
    <failure type="java.lang.NullPointerException">
      <![CDATA[java.lang.NullPointerException
at pageObjects.FaceBookLogin_PageObjects.loginToFB(FaceBookLogin_PageObjects.java:33)
at tests.LogintoFB.LoginFaceBook(LogintoFB.java:28)
at java.base/java.util.ArrayList.forEach(ArrayList.java:1541)
... Removed 27 stack frames]]>
    </failure>
  </testcase> <!-- LoginFaceBook -->
</testsuite> <!-- Test -->
