<?xml version="1.0" encoding="UTF-8"?>
<!-- Generated by org.testng.reporters.JUnitXMLReporter -->
<testsuite ignored="0" hostname="Jp" failures="0" tests="3" name="dataProviderTest" time="29.144" errors="0" timestamp="2023-02-08T21:14:51 PST">
  <testcase classname="com.FreeCRM.Tests.dataProviderTest" name="searchGoogle" time="10.908"/>
  <testcase classname="com.FreeCRM.Tests.dataProviderTest" name="searchGoogle" time="12.057"/>
  <testcase classname="com.FreeCRM.Tests.dataProviderTest" name="searchGoogle" time="6.085"/>
</testsuite> <!-- dataProviderTest -->
