<?xml version="1.0" encoding="UTF-8"?>
<!-- Generated by org.testng.reporters.JUnitXMLReporter -->
<testsuite ignored="0" hostname="Jp" failures="0" tests="3" name="dataProviderTest2" time="34.756" errors="0" timestamp="2023-02-08T21:14:56 PST">
  <testcase classname="com.FreeCRM.Tests.dataProviderTest2" name="searchGoogle" time="14.067"/>
  <testcase classname="com.FreeCRM.Tests.dataProviderTest2" name="searchGoogle" time="12.522"/>
  <testcase classname="com.FreeCRM.Tests.dataProviderTest2" name="searchGoogle" time="8.084"/>
</testsuite> <!-- dataProviderTest2 -->
