<?xml version="1.0" encoding="UTF-8"?>
<!-- Generated by org.testng.reporters.JUnitXMLReporter -->
<testsuite ignored="1" hostname="Jp" failures="0" tests="3" name="loginPageTest_ElementUtil" time="27.37" errors="0" timestamp="2023-02-08T21:14:49 PST">
  <testcase classname="com.FreeCRM.Tests.loginPageTest_ElementUtil" name="login" time="9.063"/>
  <testcase classname="com.FreeCRM.Tests.loginPageTest_ElementUtil" name="loginPageTitleTest" time="2.087"/>
  <testcase classname="com.FreeCRM.Tests.loginPageTest_ElementUtil" name="loginPageUrlTest" time="2.032"/>
  <testcase classname="com.FreeCRM.Tests.loginPageTest_ElementUtil" name="getAccountName" time="0.0">
    <ignored/>
  </testcase> <!-- getAccountName -->
</testsuite> <!-- loginPageTest_ElementUtil -->
