<?xml version="1.0" encoding="UTF-8"?>
<!-- Generated by org.testng.reporters.JUnitXMLReporter -->
<testsuite ignored="1" hostname="Jp" failures="0" tests="2" name="loginPageTest" time="24.514" errors="0" timestamp="2023-02-08T21:14:46 PST">
  <testcase classname="com.FreeCRM.Tests.loginPageTest" name="login" time="8.046"/>
  <testcase classname="com.FreeCRM.Tests.loginPageTest" name="loginPageTitleTest" time="2.025"/>
  <testcase classname="com.FreeCRM.Tests.loginPageTest" name="loginPageUrlTest" time="0.0">
    <ignored/>
  </testcase> <!-- loginPageUrlTest -->
</testsuite> <!-- loginPageTest -->
