<?xml version="1.0" encoding="UTF-8"?>
<testng-results ignored="2" total="14" passed="12" failed="0" skipped="0">
  <reporter-output>
  </reporter-output>
  <suite started-at="2023-02-08T21:14:21 PST" name="Suite" finished-at="2023-02-08T21:15:08 PST" duration-ms="46295">
    <groups>
    </groups>
    <test started-at="2023-02-08T21:14:21 PST" name="loginPageTest" finished-at="2023-02-08T21:14:46 PST" duration-ms="24514">
      <class name="com.FreeCRM.Tests.loginPageTest">
        <test-method is-config="true" signature="setup()[pri:0, instance:com.FreeCRM.Tests.loginPageTest@53d2b827]" started-at="2023-02-08T21:14:21 PST" name="setup" finished-at="2023-02-08T21:14:35 PST" duration-ms="13255" status="PASS">
          <reporter-output>
          </reporter-output>
        </test-method> <!-- setup -->
        <test-method signature="login()[pri:1, instance:com.FreeCRM.Tests.loginPageTest@53d2b827]" started-at="2023-02-08T21:14:35 PST" name="login" finished-at="2023-02-08T21:14:43 PST" duration-ms="8046" status="PASS">
          <reporter-output>
          </reporter-output>
        </test-method> <!-- login -->
        <test-method signature="loginPageTitleTest()[pri:2, instance:com.FreeCRM.Tests.loginPageTest@53d2b827]" started-at="2023-02-08T21:14:43 PST" name="loginPageTitleTest" finished-at="2023-02-08T21:14:45 PST" duration-ms="2025" status="PASS">
          <reporter-output>
          </reporter-output>
        </test-method> <!-- loginPageTitleTest -->
        <test-method is-config="true" signature="tearDown()[pri:0, instance:com.FreeCRM.Tests.loginPageTest@53d2b827]" started-at="2023-02-08T21:14:45 PST" name="tearDown" finished-at="2023-02-08T21:14:46 PST" duration-ms="1146" status="PASS">
          <reporter-output>
          </reporter-output>
        </test-method> <!-- tearDown -->
      </class> <!-- com.FreeCRM.Tests.loginPageTest -->
    </test> <!-- loginPageTest -->
    <test started-at="2023-02-08T21:14:21 PST" name="loginPageTest_ElementUtil" finished-at="2023-02-08T21:14:49 PST" duration-ms="27370">
      <class name="com.FreeCRM.Tests.loginPageTest_ElementUtil">
        <test-method is-config="true" signature="setup()[pri:0, instance:com.FreeCRM.Tests.loginPageTest_ElementUtil@6afced93]" started-at="2023-02-08T21:14:21 PST" name="setup" finished-at="2023-02-08T21:14:35 PST" duration-ms="13262" status="PASS">
          <reporter-output>
          </reporter-output>
        </test-method> <!-- setup -->
        <test-method signature="login()[pri:1, instance:com.FreeCRM.Tests.loginPageTest_ElementUtil@6afced93]" started-at="2023-02-08T21:14:35 PST" name="login" finished-at="2023-02-08T21:14:44 PST" duration-ms="9063" status="PASS">
          <reporter-output>
          </reporter-output>
        </test-method> <!-- login -->
        <test-method signature="loginPageTitleTest()[pri:2, instance:com.FreeCRM.Tests.loginPageTest_ElementUtil@6afced93]" started-at="2023-02-08T21:14:44 PST" name="loginPageTitleTest" finished-at="2023-02-08T21:14:46 PST" duration-ms="2087" status="PASS">
          <reporter-output>
          </reporter-output>
        </test-method> <!-- loginPageTitleTest -->
        <test-method signature="loginPageUrlTest()[pri:3, instance:com.FreeCRM.Tests.loginPageTest_ElementUtil@6afced93]" started-at="2023-02-08T21:14:46 PST" name="loginPageUrlTest" finished-at="2023-02-08T21:14:48 PST" duration-ms="2032" status="PASS">
          <reporter-output>
          </reporter-output>
        </test-method> <!-- loginPageUrlTest -->
        <test-method is-config="true" signature="tearDown()[pri:0, instance:com.FreeCRM.Tests.loginPageTest_ElementUtil@6afced93]" started-at="2023-02-08T21:14:48 PST" name="tearDown" finished-at="2023-02-08T21:14:49 PST" duration-ms="895" status="PASS">
          <reporter-output>
          </reporter-output>
        </test-method> <!-- tearDown -->
      </class> <!-- com.FreeCRM.Tests.loginPageTest_ElementUtil -->
    </test> <!-- loginPageTest_ElementUtil -->
    <test started-at="2023-02-08T21:14:21 PST" name="dataProviderTest" finished-at="2023-02-08T21:14:51 PST" duration-ms="29144">
      <class name="com.FreeCRM.Tests.dataProviderTest">
        <test-method signature="searchGoogle(java.lang.String)[pri:0, instance:com.FreeCRM.Tests.dataProviderTest@58945295]" started-at="2023-02-08T21:14:21 PST" name="searchGoogle" data-provider="searchData" finished-at="2023-02-08T21:14:32 PST" duration-ms="10908" status="PASS">
          <params>
            <param index="0">
              <value>
                <![CDATA[Selenium]]>
              </value>
            </param>
          </params>
          <reporter-output>
          </reporter-output>
        </test-method> <!-- searchGoogle -->
        <test-method signature="searchGoogle(java.lang.String)[pri:0, instance:com.FreeCRM.Tests.dataProviderTest@58945295]" started-at="2023-02-08T21:14:32 PST" name="searchGoogle" data-provider="searchData" finished-at="2023-02-08T21:14:44 PST" duration-ms="12057" status="PASS">
          <params>
            <param index="0">
              <value>
                <![CDATA[WebDriver]]>
              </value>
            </param>
          </params>
          <reporter-output>
          </reporter-output>
        </test-method> <!-- searchGoogle -->
        <test-method signature="searchGoogle(java.lang.String)[pri:0, instance:com.FreeCRM.Tests.dataProviderTest@58945295]" started-at="2023-02-08T21:14:44 PST" name="searchGoogle" data-provider="searchData" finished-at="2023-02-08T21:14:51 PST" duration-ms="6085" status="PASS">
          <params>
            <param index="0">
              <value>
                <![CDATA[Docker]]>
              </value>
            </param>
          </params>
          <reporter-output>
          </reporter-output>
        </test-method> <!-- searchGoogle -->
      </class> <!-- com.FreeCRM.Tests.dataProviderTest -->
    </test> <!-- dataProviderTest -->
    <test started-at="2023-02-08T21:14:21 PST" name="dataProviderTest2" finished-at="2023-02-08T21:14:56 PST" duration-ms="34756">
      <class name="com.FreeCRM.Tests.dataProviderTest2">
        <test-method signature="searchGoogle(java.lang.String)[pri:0, instance:com.FreeCRM.Tests.dataProviderTest2@627d5f99]" started-at="2023-02-08T21:14:21 PST" name="searchGoogle" data-provider="searchData" finished-at="2023-02-08T21:14:36 PST" duration-ms="14067" status="PASS">
          <params>
            <param index="0">
              <value>
                <![CDATA[Selenium]]>
              </value>
            </param>
          </params>
          <reporter-output>
          </reporter-output>
        </test-method> <!-- searchGoogle -->
        <test-method signature="searchGoogle(java.lang.String)[pri:0, instance:com.FreeCRM.Tests.dataProviderTest2@627d5f99]" started-at="2023-02-08T21:14:36 PST" name="searchGoogle" data-provider="searchData" finished-at="2023-02-08T21:14:48 PST" duration-ms="12522" status="PASS">
          <params>
            <param index="0">
              <value>
                <![CDATA[WebDriver]]>
              </value>
            </param>
          </params>
          <reporter-output>
          </reporter-output>
        </test-method> <!-- searchGoogle -->
        <test-method signature="searchGoogle(java.lang.String)[pri:0, instance:com.FreeCRM.Tests.dataProviderTest2@627d5f99]" started-at="2023-02-08T21:14:48 PST" name="searchGoogle" data-provider="searchData" finished-at="2023-02-08T21:14:56 PST" duration-ms="8084" status="PASS">
          <params>
            <param index="0">
              <value>
                <![CDATA[Docker]]>
              </value>
            </param>
          </params>
          <reporter-output>
          </reporter-output>
        </test-method> <!-- searchGoogle -->
      </class> <!-- com.FreeCRM.Tests.dataProviderTest2 -->
    </test> <!-- dataProviderTest2 -->
    <test started-at="2023-02-08T21:14:21 PST" name="AccountsPageTest" finished-at="2023-02-08T21:15:08 PST" duration-ms="46295">
      <class name="com.FreeCRM.Tests.AccountsPageTest">
        <test-method is-config="true" signature="setup()[pri:0, instance:com.FreeCRM.Tests.AccountsPageTest@ea0c99c]" started-at="2023-02-08T21:14:21 PST" name="setup" finished-at="2023-02-08T21:14:35 PST" duration-ms="13259" status="PASS">
          <reporter-output>
          </reporter-output>
        </test-method> <!-- setup -->
        <test-method is-config="true" signature="acctPageSetup()[pri:0, instance:com.FreeCRM.Tests.AccountsPageTest@ea0c99c]" started-at="2023-02-08T21:14:35 PST" name="acctPageSetup" finished-at="2023-02-08T21:14:47 PST" duration-ms="12227" status="PASS">
          <reporter-output>
          </reporter-output>
        </test-method> <!-- acctPageSetup -->
        <test-method signature="getMenuSize()[pri:0, instance:com.FreeCRM.Tests.AccountsPageTest@ea0c99c]" started-at="2023-02-08T21:14:47 PST" name="getMenuSize" finished-at="2023-02-08T21:15:07 PST" duration-ms="20103" status="PASS">
          <reporter-output>
          </reporter-output>
        </test-method> <!-- getMenuSize -->
        <test-method is-config="true" signature="tearDown()[pri:0, instance:com.FreeCRM.Tests.AccountsPageTest@ea0c99c]" started-at="2023-02-08T21:15:07 PST" name="tearDown" finished-at="2023-02-08T21:15:08 PST" duration-ms="676" status="PASS">
          <reporter-output>
          </reporter-output>
        </test-method> <!-- tearDown -->
      </class> <!-- com.FreeCRM.Tests.AccountsPageTest -->
    </test> <!-- AccountsPageTest -->
  </suite> <!-- Suite -->
</testng-results>
